test_name                                      num_threads    ops_per_sec
-------------------------------------------  -------------  -------------
Insert.SingleIndex.Seq                                   1    1836.97
Insert.SingleIndex.Seq                                   2    3388.16
Insert.SingleIndex.Seq                                   4    5681.27
Insert.SingleIndex.Uncontested.Rnd                       1    1765.95
Insert.SingleIndex.Uncontested.Rnd                       2    3378.96
Insert.SingleIndex.Uncontested.Rnd                       4    5869.53
Insert.SingleIndex.Contested.Rnd                         1    1738.27
Insert.SingleIndex.Contested.Rnd                         2    2916.99
Insert.SingleIndex.Contested.Rnd                         4    5985.44
Insert.MultiIndex.Uncontested.Rnd                        1    1486.86
Insert.MultiIndex.Uncontested.Rnd                        2    3148.74
Insert.MultiIndex.Uncontested.Rnd                        4    5553.74
Insert.MultiIndex.Contested.Rnd                          1    1568.17
Insert.MultiIndex.Contested.Rnd                          2    2880.28
Insert.MultiIndex.Contested.Rnd                          4    5213.84
Insert.MultiKeyIndex.Uncontested.Rnd                     1    1580.49
Insert.MultiKeyIndex.Uncontested.Rnd                     2    2854.97
Insert.MultiKeyIndex.Uncontested.Rnd                     4    4846.7
Insert.MultiKeyIndex.Contested.Rnd                       1    1529.89
Insert.MultiKeyIndex.Contested.Rnd                       2    3014.78
Insert.MultiKeyIndex.Contested.Rnd                       4    5429.81
Insert.BigKeyIndex                                       1     420.31
Insert.BigKeyIndex                                       2     825.336
Insert.BigKeyIndex                                       4    1057.1
Update.SetWithIndex.Random                               1    1532.48
Update.SetWithIndex.Random                               2    3074.47
Update.SetWithIndex.Random                               4    5199.99
Update.SetWithMultiIndex.Random                          1    1483.91
Update.SetWithMultiIndex.Random                          2    2494.31
Update.SetWithMultiIndex.Random                          4    4670.13
Update.SetWithMultiIndex.String                          1    1133.37
Update.SetWithMultiIndex.String                          2    2550.68
Update.SetWithMultiIndex.String                          4    3925.03
Insert.DocValidation.OneInt.Compare                      1    1784.03
Insert.DocValidation.OneInt.Compare                      2    3357.58
Insert.DocValidation.OneInt.Compare                      4    6401.61
Insert.DocValidation.OneInt                              1    1689.86
Insert.DocValidation.OneInt                              2    3484.21
Insert.DocValidation.OneInt                              4    6172.83
Insert.DocValidation.OneInt.JSONSchema                   1    1683.79
Insert.DocValidation.OneInt.JSONSchema                   2    3446.63
Insert.DocValidation.OneInt.JSONSchema                   4    6143.26
Insert.DocValidation.TenInt.Compare                      1    1630.93
Insert.DocValidation.TenInt.Compare                      2    3262.7
Insert.DocValidation.TenInt.Compare                      4    5488.33
Insert.DocValidation.TenInt                              1    1700.95
Insert.DocValidation.TenInt                              2    3322.07
Insert.DocValidation.TenInt                              4    5580.41
Insert.DocValidation.TwentyInt.Compare                   1    1695.73
Insert.DocValidation.TwentyInt.Compare                   2    3169.35
Insert.DocValidation.TwentyInt.Compare                   4    5278.01
Insert.DocValidation.TwentyInt                           1    1304.11
Insert.DocValidation.TwentyInt                           2    2573.89
Insert.DocValidation.TwentyInt                           4    4829.33
Insert.DocValidation.TwentyInt.JSONSchema                1    1490.47
Insert.DocValidation.TwentyInt.JSONSchema                2    3170.06
Insert.DocValidation.TwentyInt.JSONSchema                4    5555.27
Insert.DocValidation.OneFiftyInt.Compare                 1    1282.45
Insert.DocValidation.OneFiftyInt.Compare                 2    2240.49
Insert.DocValidation.OneFiftyInt.Compare                 4    3670.31
Insert.DocValidation.OneFiftyInt                         1     794.278
Insert.DocValidation.OneFiftyInt                         2    1615.01
Insert.DocValidation.OneFiftyInt                         4    2774.79
Insert.DocValidation.OneFiftyInt.JSONSchema              1     721.233
Insert.DocValidation.OneFiftyInt.JSONSchema              2    1406.03
Insert.DocValidation.OneFiftyInt.JSONSchema              4    2194.41
Insert.DocValidation.Variety.Compare                     1    1419.9
Insert.DocValidation.Variety.Compare                     2    3304.59
Insert.DocValidation.Variety.Compare                     4    5397.81
Insert.DocValidation.Variety.JSONSchema                  1    1581.9
Insert.DocValidation.Variety.JSONSchema                  2    3187
Insert.DocValidation.Variety.JSONSchema                  4    5172.61
Insert.DocValidation.Array.Compare                       1    1580.53
Insert.DocValidation.Array.Compare                       2    2948.75
Insert.DocValidation.Array.Compare                       4    4794.48
Insert.DocValidation.Array.JSONSchema                    1    1287.64
Insert.DocValidation.Array.JSONSchema                    2    2224.54
Insert.DocValidation.Array.JSONSchema                    4    4041.92
Insert.DocValidation.Nested.Compare                      1    1732.4
Insert.DocValidation.Nested.Compare                      2    3271.34
Insert.DocValidation.Nested.Compare                      4    5741.88
Insert.DocValidation.Nested.JSONSchema                   1    1490.06
Insert.DocValidation.Nested.JSONSchema                   2    2833.14
Insert.DocValidation.Nested.JSONSchema                   4    4631.92
Update.DocValidation.OneNum.Compare                      1    1325.47
Update.DocValidation.OneNum.Compare                      2    3290.65
Update.DocValidation.OneNum.Compare                      4    5673.25
Update.DocValidation.OneNum                              1    1577.67
Update.DocValidation.OneNum                              2    3374.26
Update.DocValidation.OneNum                              4    5636.87
Update.DocValidation.OneNum.JSONSchema                   1    1666.24
Update.DocValidation.OneNum.JSONSchema                   2    3334.53
Update.DocValidation.OneNum.JSONSchema                   4    5269.69
Update.DocValidation.TenNum.Compare                      1    1599.24
Update.DocValidation.TenNum.Compare                      2    3165.92
Update.DocValidation.TenNum.Compare                      4    5022.17
Update.DocValidation.TenNum                              1    1587.54
Update.DocValidation.TenNum                              2    3031.4
Update.DocValidation.TenNum                              4    5182.76
Update.DocValidation.TwentyNum.Compare                   1    1531.75
Update.DocValidation.TwentyNum.Compare                   2    2871.08
Update.DocValidation.TwentyNum.Compare                   4    5130.34
Update.DocValidation.TwentyNum                           1    1513.53
Update.DocValidation.TwentyNum                           2    2928.91
Update.DocValidation.TwentyNum                           4    5036.51
Update.DocValidation.TwentyNum.JSONSchema                1    1464.43
Update.DocValidation.TwentyNum.JSONSchema                2    2786.27
Update.DocValidation.TwentyNum.JSONSchema                4    4920.09
Update.DocValidation.OneFiftyNum.Compare                 1     812.27
Update.DocValidation.OneFiftyNum.Compare                 2    1563.62
Update.DocValidation.OneFiftyNum.Compare                 4    2961.5
Update.DocValidation.OneFiftyNum                         1     685.968
Update.DocValidation.OneFiftyNum                         2    1265.84
Update.DocValidation.OneFiftyNum                         4    2329.23
Update.DocValidation.OneFiftyNum.JSONSchema              1     556.356
Update.DocValidation.OneFiftyNum.JSONSchema              2    1198.04
Update.DocValidation.OneFiftyNum.JSONSchema              4    2198.49
Update.DocValidation.Variety.Compare                     1    1522.91
Update.DocValidation.Variety.Compare                     2    3375.36
Update.DocValidation.Variety.Compare                     4    5241.77
Update.DocValidation.Variety.JSONSchema                  1    1513.55
Update.DocValidation.Variety.JSONSchema                  2    3221.97
Update.DocValidation.Variety.JSONSchema                  4    5243.99
Update.DocValidation.Array.Compare                       1    2237.82
Update.DocValidation.Array.Compare                       2    4221.71
Update.DocValidation.Array.Compare                       4    7136.54
Update.DocValidation.Array.JSONSchema                    1    2046.33
Update.DocValidation.Array.JSONSchema                    2    3848.18
Update.DocValidation.Array.JSONSchema                    4    6876.76
Update.DocValidation.Nested.Compare                      1    1542.28
Update.DocValidation.Nested.Compare                      2    3081.4
Update.DocValidation.Nested.Compare                      4    4943.36
Update.DocValidation.Nested.JSONSchema                   1    1511.98
Update.DocValidation.Nested.JSONSchema                   2    2871.71
Update.DocValidation.Nested.JSONSchema                   4    4641.39
MultiUpdate.BigAllDocs.NoIndex                           1       0.38668
MultiUpdate.BigAllDocs.NoIndex                           2       0.617116
MultiUpdate.BigAllDocs.NoIndex                           4       0.902152
MultiUpdate.BigAllDocs.Indexed                           1       0.290047
MultiUpdate.BigAllDocs.Indexed                           2       0.437555
MultiUpdate.BigAllDocs.Indexed                           4       0.66333
MultiUpdate.BigAllDocsMultiChange.NoIndex                1       0.353972
MultiUpdate.BigAllDocsMultiChange.NoIndex                2       0.562468
MultiUpdate.BigAllDocsMultiChange.NoIndex                4       0.87303
MultiUpdate.BigAllDocsMultiChange.Indexed                1       0.25182
MultiUpdate.BigAllDocsMultiChange.Indexed                2       0.424367
MultiUpdate.BigAllDocsMultiChange.Indexed                4       0.726366
MultiUpdate.Contended.AllDocs.NoIndex                    1      10.6871
MultiUpdate.Contended.AllDocs.NoIndex                    2      17.5574
MultiUpdate.Contended.AllDocs.NoIndex                    4      28.2724
MultiUpdate.Contended.AllDocs.Indexed                    1       7.94308
MultiUpdate.Contended.AllDocs.Indexed                    2      13.082
MultiUpdate.Contended.AllDocs.Indexed                    4      23.1238
Inserts.PartialIndex.FilteredRange                       1    1559.95
Inserts.PartialIndex.FilteredRange                       2    3022.18
Inserts.PartialIndex.FilteredRange                       4    5880.72
Inserts.PartialIndex.NonFilteredRange                    1    1717.36
Inserts.PartialIndex.NonFilteredRange                    2    3308.19
Inserts.PartialIndex.NonFilteredRange                    4    6129.86
Inserts.PartialIndex.FullRange                           1    1604.1
Inserts.PartialIndex.FullRange                           2    2412.69
Inserts.PartialIndex.FullRange                           4    4380.35
Insert.Empty                                             1    1215.79
Insert.Empty                                             2    3114.52
Insert.Empty                                             4    5184.91
Insert.EmptyCapped                                       1    1434.59
Insert.EmptyCapped                                       2    2799.97
Insert.EmptyCapped                                       4    4178.4
Insert.EmptyCapped.SeqIntID                              1    1448.84
Insert.EmptyCapped.SeqIntID                              2    2607.3
Insert.EmptyCapped.SeqIntID                              4    3780.82
Insert.JustID                                            1    1381.8
Insert.JustID                                            2    3178.39
Insert.JustID                                            4    5335.74
Insert.IntVector                                         1     594.17
Insert.IntVector                                         2    1098.55
Insert.IntVector                                         4    1777.94
Insert.SeqIntID.Indexed                                  1    1672.88
Insert.SeqIntID.Indexed                                  2    2973.19
Insert.SeqIntID.Indexed                                  4    4978.57
Insert.IntIDUpsert                                       1    1482.32
Insert.IntIDUpsert                                       2    3010.96
Insert.IntIDUpsert                                       4    4705.42
Insert.JustNum                                           1    1703.99
Insert.JustNum                                           2    3052.7
Insert.JustNum                                           4    5987.3
Insert.JustNumIndexed                                    1    1797.33
Insert.JustNumIndexed                                    2    3396.4
Insert.JustNumIndexed                                    4    6271.44
InsertIndexedStringsSimpleCollation                      1    1704.93
InsertIndexedStringsSimpleCollation                      2    3470.05
InsertIndexedStringsSimpleCollation                      4    6273.35
InsertIndexedStringsNonSimpleCollation                   1    1689.94
InsertIndexedStringsNonSimpleCollation                   2    3437.91
InsertIndexedStringsNonSimpleCollation                   4    5818.86
Insert.UniqueIndex                                       1    1635.63
Insert.UniqueIndex                                       2    3315.84
Insert.UniqueIndex                                       4    5875.75
Insert.UniqueIndexCompound                               1    1686.54
Insert.UniqueIndexCompound                               2    3187.3
Insert.UniqueIndexCompound                               4    5568.73
Insert.UniqueIndexCompoundReverse                        1    1601.46
Insert.UniqueIndexCompoundReverse                        2    3526.83
Insert.UniqueIndexCompoundReverse                        4    5651.46
Insert.LargeDocVector                                    1     207.874
Insert.LargeDocVector                                    2     355.422
Insert.LargeDocVector                                    4     527.293
MultiUpdate.Uncontended.SingleDoc.NoIndex                1    1367.4
MultiUpdate.Uncontended.SingleDoc.NoIndex                2    3190.93
MultiUpdate.Uncontended.SingleDoc.NoIndex                4    5534.15
MultiUpdate.Uncontended.SingleDoc.Indexed                1    1651.63
MultiUpdate.Uncontended.SingleDoc.Indexed                2    2832.02
MultiUpdate.Uncontended.SingleDoc.Indexed                4    4495.53
MultiUpdate.Uncontended.TwoDocs.NoIndex                  1    1421.55
MultiUpdate.Uncontended.TwoDocs.NoIndex                  2    2769.9
MultiUpdate.Uncontended.TwoDocs.NoIndex                  4    4772.66
MultiUpdate.Uncontended.TwoDocs.Indexed                  1    1435.85
MultiUpdate.Uncontended.TwoDocs.Indexed                  2    2459.29
MultiUpdate.Uncontended.TwoDocs.Indexed                  4    4146.55
MultiUpdate.Contended.Low.NoIndex                        1    1587.5
MultiUpdate.Contended.Low.NoIndex                        2    3171.73
MultiUpdate.Contended.Low.NoIndex                        4    5871.11
MultiUpdate.Contended.Low.Indexed                        1    1610.52
MultiUpdate.Contended.Low.Indexed                        2    3079.96
MultiUpdate.Contended.Low.Indexed                        4    5495.41
MultiUpdate.Contended.Medium.NoIndex                     1      14.2466
MultiUpdate.Contended.Medium.NoIndex                     2      24.0244
MultiUpdate.Contended.Medium.NoIndex                     4      40.1728
MultiUpdate.Contended.Medium.Indexed                     1      11.2139
MultiUpdate.Contended.Medium.Indexed                     2      19.9714
MultiUpdate.Contended.Medium.Indexed                     4      32.5978
MultiUpdate.Contended.Hot.NoIndex                        1     591.758
MultiUpdate.Contended.Hot.NoIndex                        2    1174.27
MultiUpdate.Contended.Hot.NoIndex                        4    2234.55
MultiUpdate.Contended.Hot.Indexed                        1     486.631
MultiUpdate.Contended.Hot.Indexed                        2     960.627
MultiUpdate.Contended.Hot.Indexed                        4    1691.68
MultiUpdate.Contended.Doc.Seq.NoIndex                    1    1579.79
MultiUpdate.Contended.Doc.Seq.NoIndex                    2    2887.21
MultiUpdate.Contended.Doc.Seq.NoIndex                    4    4086.54
MultiUpdate.Contended.Doc.Seq.Indexed                    1    1400.42
MultiUpdate.Contended.Doc.Seq.Indexed                    2    3015.45
MultiUpdate.Contended.Doc.Seq.Indexed                    4    4830.18
MultiUpdate.Contended.Doc.Rnd.NoIndex                    1    1936.58
MultiUpdate.Contended.Doc.Rnd.NoIndex                    2    4127.91
MultiUpdate.Contended.Doc.Rnd.NoIndex                    4    7721.95
MultiUpdate.Contended.Doc.Rnd.Indexed                    1    2154.71
MultiUpdate.Contended.Doc.Rnd.Indexed                    2    4075.75
MultiUpdate.Contended.Doc.Rnd.Indexed                    4    7282.24
Update.IncNoIndex                                        1    1432.33
Update.IncNoIndex                                        2    3369.07
Update.IncNoIndex                                        4    5076.44
Update.IncWithIndex                                      1    1605.1
Update.IncWithIndex                                      2    3237.95
Update.IncWithIndex                                      4    3935.68
Update.IncNoIndexUpsert                                  1    1080.42
Update.IncNoIndexUpsert                                  2    3322.58
Update.IncNoIndexUpsert                                  4    4601.7
Update.IncWithIndexUpsert                                1    1659.02
Update.IncWithIndexUpsert                                2    2885.6
Update.IncWithIndexUpsert                                4    5474.34
Update.IncFewSmallDoc                                    1    1633.48
Update.IncFewSmallDoc                                    2    2667.04
Update.IncFewSmallDoc                                    4    4171.24
Update.IncFewLargeDoc                                    1    1169.63
Update.IncFewLargeDoc                                    2    2686.4
Update.IncFewLargeDoc                                    4    3774.95
Update.IncFewSmallDocLongFields                          1    1213.92
Update.IncFewSmallDocLongFields                          2    2673.2
Update.IncFewSmallDocLongFields                          4    4244.63
Update.IncFewLargeDocLongFields                          1    1435.2
Update.IncFewLargeDocLongFields                          2    3121.97
Update.IncFewLargeDocLongFields                          4    5282.35
Update.SingleDocFieldAtOffset                            1    2217.91
Update.SingleDocFieldAtOffset                            2    4652.02
Update.SingleDocFieldAtOffset                            4    8324.23
Update.FieldAtOffset                                     1     136.328
Update.FieldAtOffset                                     2     228.247
Update.FieldAtOffset                                     4     476.168
Update.ManyElementsWithinArray                           1     269.95
Update.ManyElementsWithinArray                           2     645.123
Update.ManyElementsWithinArray                           4     953.38
Update.MatchedElementWithinArray                         1     963.271
Update.MatchedElementWithinArray                         2    1616.59
Update.MatchedElementWithinArray                         4    2378.21
Update.UniqueIndex                                       1    1096.69
Update.UniqueIndex                                       2    2739.27
Update.UniqueIndex                                       4    5229.7
Update.UniqueIndexCompoundReverse                        1    1497.67
Update.UniqueIndexCompoundReverse                        2    3161.49
Update.UniqueIndexCompoundReverse                        4    5004.43
Update.MmsIncShallow1                                    1    1235.15
Update.MmsIncShallow1                                    2    2885.23
Update.MmsIncShallow1                                    4    4346.71
Update.MmsIncShallow2                                    1    1465.47
Update.MmsIncShallow2                                    2    2759.96
Update.MmsIncShallow2                                    4    3967.28
Update.MmsIncDeep1                                       1    1502.81
Update.MmsIncDeep1                                       2    2799.92
Update.MmsIncDeep1                                       4    4536.46
Update.MmsIncDeepSharedPath2                             1    1512.11
Update.MmsIncDeepSharedPath2                             2    2611.31
Update.MmsIncDeepSharedPath2                             4    4338.73
Update.MmsIncDeepSharedPath3                             1    1413.06
Update.MmsIncDeepSharedPath3                             2    2367.12
Update.MmsIncDeepSharedPath3                             4    4196.61
Update.MmsIncDeepDistinctPath2                           1    1436.79
Update.MmsIncDeepDistinctPath2                           2    2940.6
Update.MmsIncDeepDistinctPath2                           4    4299.82
Update.MmsIncDeepDistinctPath3                           1    1390.77
Update.MmsIncDeepDistinctPath3                           2    2918.85
Update.MmsIncDeepDistinctPath3                           4    4160.94
Update.MmsIncDeepDistinctPath4                           1    1431.57
Update.MmsIncDeepDistinctPath4                           2    2826.14
Update.MmsIncDeepDistinctPath4                           4    4049.07
Update.MmsSetDeepDistinctPaths                           1    1405.97
Update.MmsSetDeepDistinctPaths                           2    2602.32
Update.MmsSetDeepDistinctPaths                           4    4079.32
