test_name                                      num_threads    ops_per_sec
-------------------------------------------  -------------  -------------
Insert.SingleIndex.Seq                                   1    1523.49
Insert.SingleIndex.Seq                                   2    2810.63
Insert.SingleIndex.Seq                                   4    5245.3
Insert.SingleIndex.Uncontested.Rnd                       1    1450.91
Insert.SingleIndex.Uncontested.Rnd                       2    2830.33
Insert.SingleIndex.Uncontested.Rnd                       4    5200.58
Insert.SingleIndex.Contested.Rnd                         1    1357.01
Insert.SingleIndex.Contested.Rnd                         2    2924.5
Insert.SingleIndex.Contested.Rnd                         4    4796.95
Insert.MultiIndex.Uncontested.Rnd                        1    1289.88
Insert.MultiIndex.Uncontested.Rnd                        2    2568.68
Insert.MultiIndex.Uncontested.Rnd                        4    4429.97
Insert.MultiIndex.Contested.Rnd                          1    1255.59
Insert.MultiIndex.Contested.Rnd                          2    2501.67
Insert.MultiIndex.Contested.Rnd                          4    4704.13
Insert.MultiKeyIndex.Uncontested.Rnd                     1    1230.16
Insert.MultiKeyIndex.Uncontested.Rnd                     2    2463.66
Insert.MultiKeyIndex.Uncontested.Rnd                     4    4444.45
Insert.MultiKeyIndex.Contested.Rnd                       1    1202.82
Insert.MultiKeyIndex.Contested.Rnd                       2    2585.79
Insert.MultiKeyIndex.Contested.Rnd                       4    4323.27
Insert.BigKeyIndex                                       1     447.49
Insert.BigKeyIndex                                       2     691.154
Insert.BigKeyIndex                                       4    1143.28
Update.SetWithIndex.Random                               1    1323.22
Update.SetWithIndex.Random                               2    2752.59
Update.SetWithIndex.Random                               4    4404.24
Update.SetWithMultiIndex.Random                          1    1284.42
Update.SetWithMultiIndex.Random                          2    2560.67
Update.SetWithMultiIndex.Random                          4    4157.97
Update.SetWithMultiIndex.String                          1    1087.35
Update.SetWithMultiIndex.String                          2    1948.99
Update.SetWithMultiIndex.String                          4    3367.21
Insert.DocValidation.OneInt.Compare                      1    1347.76
Insert.DocValidation.OneInt.Compare                      2    2694.1
Insert.DocValidation.OneInt.Compare                      4    5293.74
Insert.DocValidation.OneInt                              1    1273.25
Insert.DocValidation.OneInt                              2    2767.04
Insert.DocValidation.OneInt                              4    4875.77
Insert.DocValidation.OneInt.JSONSchema                   1    1328.85
Insert.DocValidation.OneInt.JSONSchema                   2    2706.66
Insert.DocValidation.OneInt.JSONSchema                   4    4598.9
Insert.DocValidation.TenInt.Compare                      1    1492.26
Insert.DocValidation.TenInt.Compare                      2    2675.84
Insert.DocValidation.TenInt.Compare                      4    5277.95
Insert.DocValidation.TenInt                              1    1312.94
Insert.DocValidation.TenInt                              2    2770.36
Insert.DocValidation.TenInt                              4    5086.08
Insert.DocValidation.TwentyInt.Compare                   1    1360.4
Insert.DocValidation.TwentyInt.Compare                   2    2778.12
Insert.DocValidation.TwentyInt.Compare                   4    4299.45
Insert.DocValidation.TwentyInt                           1    1474.18
Insert.DocValidation.TwentyInt                           2    2610.37
Insert.DocValidation.TwentyInt                           4    4650.01
Insert.DocValidation.TwentyInt.JSONSchema                1    1440.99
Insert.DocValidation.TwentyInt.JSONSchema                2    2532.54
Insert.DocValidation.TwentyInt.JSONSchema                4    4876.89
Insert.DocValidation.OneFiftyInt.Compare                 1     987.371
Insert.DocValidation.OneFiftyInt.Compare                 2    1935.19
Insert.DocValidation.OneFiftyInt.Compare                 4    3316.73
Insert.DocValidation.OneFiftyInt                         1     744.384
Insert.DocValidation.OneFiftyInt                         2    1450.54
Insert.DocValidation.OneFiftyInt                         4    2419.37
Insert.DocValidation.OneFiftyInt.JSONSchema              1     773.049
Insert.DocValidation.OneFiftyInt.JSONSchema              2    1365.82
Insert.DocValidation.OneFiftyInt.JSONSchema              4    2576.22
Insert.DocValidation.Variety.Compare                     1    1420.77
Insert.DocValidation.Variety.Compare                     2    2721.98
Insert.DocValidation.Variety.Compare                     4    5112.26
Insert.DocValidation.Variety.JSONSchema                  1    1283.74
Insert.DocValidation.Variety.JSONSchema                  2    2768.82
Insert.DocValidation.Variety.JSONSchema                  4    4542.92
Insert.DocValidation.Array.Compare                       1    1322.22
Insert.DocValidation.Array.Compare                       2    2690.71
Insert.DocValidation.Array.Compare                       4    4241.89
Insert.DocValidation.Array.JSONSchema                    1    1235.58
Insert.DocValidation.Array.JSONSchema                    2    2295.51
Insert.DocValidation.Array.JSONSchema                    4    4126.41
Insert.DocValidation.Nested.Compare                      1    1398.8
Insert.DocValidation.Nested.Compare                      2    2837.93
Insert.DocValidation.Nested.Compare                      4    4938.64
Insert.DocValidation.Nested.JSONSchema                   1    1278.75
Insert.DocValidation.Nested.JSONSchema                   2    2782.84
Insert.DocValidation.Nested.JSONSchema                   4    4258.8
Update.DocValidation.OneNum.Compare                      1    1301.24
Update.DocValidation.OneNum.Compare                      2    2649.52
Update.DocValidation.OneNum.Compare                      4    4694.71
Update.DocValidation.OneNum                              1    1354.86
Update.DocValidation.OneNum                              2    2646.78
Update.DocValidation.OneNum                              4    4940.96
Update.DocValidation.OneNum.JSONSchema                   1    1293.98
Update.DocValidation.OneNum.JSONSchema                   2    2805.32
Update.DocValidation.OneNum.JSONSchema                   4    4080.63
Update.DocValidation.TenNum.Compare                      1    1268.87
Update.DocValidation.TenNum.Compare                      2    2586
Update.DocValidation.TenNum.Compare                      4    4306.96
Update.DocValidation.TenNum                              1    1340.85
Update.DocValidation.TenNum                              2    2396.75
Update.DocValidation.TenNum                              4    4742.38
Update.DocValidation.TwentyNum.Compare                   1    1257.19
Update.DocValidation.TwentyNum.Compare                   2    2526.82
Update.DocValidation.TwentyNum.Compare                   4    4052.51
Update.DocValidation.TwentyNum                           1    1186.86
Update.DocValidation.TwentyNum                           2    2522.44
Update.DocValidation.TwentyNum                           4    3755.58
Update.DocValidation.TwentyNum.JSONSchema                1    1271.59
Update.DocValidation.TwentyNum.JSONSchema                2    2379.35
Update.DocValidation.TwentyNum.JSONSchema                4    4173.57
Update.DocValidation.OneFiftyNum.Compare                 1     754.251
Update.DocValidation.OneFiftyNum.Compare                 2    1248.48
Update.DocValidation.OneFiftyNum.Compare                 4    2276.48
Update.DocValidation.OneFiftyNum                         1     605.727
Update.DocValidation.OneFiftyNum                         2    1072.69
Update.DocValidation.OneFiftyNum                         4    1871.85
Update.DocValidation.OneFiftyNum.JSONSchema              1     605.629
Update.DocValidation.OneFiftyNum.JSONSchema              2    1090.38
Update.DocValidation.OneFiftyNum.JSONSchema              4    1807.36
Update.DocValidation.Variety.Compare                     1    1345.08
Update.DocValidation.Variety.Compare                     2    2679.55
Update.DocValidation.Variety.Compare                     4    4936.5
Update.DocValidation.Variety.JSONSchema                  1    1278.92
Update.DocValidation.Variety.JSONSchema                  2    2587.08
Update.DocValidation.Variety.JSONSchema                  4    4666.09
Update.DocValidation.Array.Compare                       1    1938.2
Update.DocValidation.Array.Compare                       2    3916.95
Update.DocValidation.Array.Compare                       4    6789.88
Update.DocValidation.Array.JSONSchema                    1    1895.88
Update.DocValidation.Array.JSONSchema                    2    3915.24
Update.DocValidation.Array.JSONSchema                    4    6315.48
Update.DocValidation.Nested.Compare                      1    1338.38
Update.DocValidation.Nested.Compare                      2    2499.28
Update.DocValidation.Nested.Compare                      4    4194.88
Update.DocValidation.Nested.JSONSchema                   1    1228.56
Update.DocValidation.Nested.JSONSchema                   2    2179.72
Update.DocValidation.Nested.JSONSchema                   4    4182.14
MultiUpdate.BigAllDocs.NoIndex                           1       0.390664
MultiUpdate.BigAllDocs.NoIndex                           2       0.471344
MultiUpdate.BigAllDocs.NoIndex                           4       0.343334
MultiUpdate.BigAllDocs.Indexed                           1       0.309721
MultiUpdate.BigAllDocs.Indexed                           2       0.342606
MultiUpdate.BigAllDocs.Indexed                           4       0.457258
MultiUpdate.BigAllDocsMultiChange.NoIndex                1       0.408108
MultiUpdate.BigAllDocsMultiChange.NoIndex                2       0.489866
MultiUpdate.BigAllDocsMultiChange.NoIndex                4       0.34293
MultiUpdate.BigAllDocsMultiChange.Indexed                1       0.270865
MultiUpdate.BigAllDocsMultiChange.Indexed                2       0.394649
MultiUpdate.BigAllDocsMultiChange.Indexed                4       0.327232
MultiUpdate.Contended.AllDocs.NoIndex                    1      12.0458
MultiUpdate.Contended.AllDocs.NoIndex                    2      16.7116
MultiUpdate.Contended.AllDocs.NoIndex                    4      18.284
MultiUpdate.Contended.AllDocs.Indexed                    1       5.29778
MultiUpdate.Contended.AllDocs.Indexed                    2      13.6807
MultiUpdate.Contended.AllDocs.Indexed                    4      12.0187
Inserts.PartialIndex.FilteredRange                       1    1354.19
Inserts.PartialIndex.FilteredRange                       2    2833.13
Inserts.PartialIndex.FilteredRange                       4    4586.28
Inserts.PartialIndex.NonFilteredRange                    1    1445.17
Inserts.PartialIndex.NonFilteredRange                    2    2889.9
Inserts.PartialIndex.NonFilteredRange                    4    5062.93
Inserts.PartialIndex.FullRange                           1    1451.4
Inserts.PartialIndex.FullRange                           2    2803.38
Inserts.PartialIndex.FullRange                           4    5519
Insert.Empty                                             1    1407.89
Insert.Empty                                             2    2942.59
Insert.Empty                                             4    4994.19
Insert.EmptyCapped                                       1    1363.56
Insert.EmptyCapped                                       2    2854.72
Insert.EmptyCapped                                       4    4703.58
Insert.EmptyCapped.SeqIntID                              1    1439.29
Insert.EmptyCapped.SeqIntID                              2    2663.37
Insert.EmptyCapped.SeqIntID                              4    4804.57
Insert.JustID                                            1    1360.86
Insert.JustID                                            2    2806.75
Insert.JustID                                            4    4887.35
Insert.IntVector                                         1     466.281
Insert.IntVector                                         2     919.732
Insert.IntVector                                         4    1352.91
Insert.SeqIntID.Indexed                                  1    1449.8
Insert.SeqIntID.Indexed                                  2    2829.81
Insert.SeqIntID.Indexed                                  4    4831.07
Insert.IntIDUpsert                                       1    1363.8
Insert.IntIDUpsert                                       2    2583.18
Insert.IntIDUpsert                                       4    5096.6
Insert.JustNum                                           1    1410.53
Insert.JustNum                                           2    2974.11
Insert.JustNum                                           4    5253.51
Insert.JustNumIndexed                                    1    1413.15
Insert.JustNumIndexed                                    2    2962.55
Insert.JustNumIndexed                                    4    5088.37
InsertIndexedStringsSimpleCollation                      1    1516.61
InsertIndexedStringsSimpleCollation                      2    2797.65
InsertIndexedStringsSimpleCollation                      4    5483.06
InsertIndexedStringsNonSimpleCollation                   1    1411.2
InsertIndexedStringsNonSimpleCollation                   2    2930.56
InsertIndexedStringsNonSimpleCollation                   4    5195.19
Insert.UniqueIndex                                       1    1320.16
Insert.UniqueIndex                                       2    2900.91
Insert.UniqueIndex                                       4    4944.03
Insert.UniqueIndexCompound                               1    1499.98
Insert.UniqueIndexCompound                               2    2802.98
Insert.UniqueIndexCompound                               4    5262.5
Insert.UniqueIndexCompoundReverse                        1    1343.76
Insert.UniqueIndexCompoundReverse                        2    2797.15
Insert.UniqueIndexCompoundReverse                        4    4417.42
Insert.LargeDocVector                                    1     209.131
Insert.LargeDocVector                                    2     399.437
Insert.LargeDocVector                                    4     627.033
MultiUpdate.Uncontended.SingleDoc.NoIndex                1    1301.19
MultiUpdate.Uncontended.SingleDoc.NoIndex                2    2765.09
MultiUpdate.Uncontended.SingleDoc.NoIndex                4    4412.44
MultiUpdate.Uncontended.SingleDoc.Indexed                1    1302.54
MultiUpdate.Uncontended.SingleDoc.Indexed                2    2459.44
MultiUpdate.Uncontended.SingleDoc.Indexed                4    4409.9
MultiUpdate.Uncontended.TwoDocs.NoIndex                  1    1208.52
MultiUpdate.Uncontended.TwoDocs.NoIndex                  2    2305.09
MultiUpdate.Uncontended.TwoDocs.NoIndex                  4    4116.74
MultiUpdate.Uncontended.TwoDocs.Indexed                  1    1106.85
MultiUpdate.Uncontended.TwoDocs.Indexed                  2    2274.07
MultiUpdate.Uncontended.TwoDocs.Indexed                  4    3587.03
MultiUpdate.Contended.Low.NoIndex                        1    1346.29
MultiUpdate.Contended.Low.NoIndex                        2    2801.42
MultiUpdate.Contended.Low.NoIndex                        4    4651.71
MultiUpdate.Contended.Low.Indexed                        1    1265.38
MultiUpdate.Contended.Low.Indexed                        2    2328.91
MultiUpdate.Contended.Low.Indexed                        4    4477.59
MultiUpdate.Contended.Medium.NoIndex                     1      15.901
MultiUpdate.Contended.Medium.NoIndex                     2      17.796
MultiUpdate.Contended.Medium.NoIndex                     4       7.50792
MultiUpdate.Contended.Medium.Indexed                     1      10.3206
MultiUpdate.Contended.Medium.Indexed                     2      16.7255
MultiUpdate.Contended.Medium.Indexed                     4       7.79922
MultiUpdate.Contended.Hot.NoIndex                        1     566.116
MultiUpdate.Contended.Hot.NoIndex                        2    1191.83
MultiUpdate.Contended.Hot.NoIndex                        4    1685.22
MultiUpdate.Contended.Hot.Indexed                        1     672.495
MultiUpdate.Contended.Hot.Indexed                        2    1007.39
MultiUpdate.Contended.Hot.Indexed                        4    1687.16
MultiUpdate.Contended.Doc.Seq.NoIndex                    1    1353.98
MultiUpdate.Contended.Doc.Seq.NoIndex                    2    2485.05
MultiUpdate.Contended.Doc.Seq.NoIndex                    4    4564.39
MultiUpdate.Contended.Doc.Seq.Indexed                    1    1231.54
MultiUpdate.Contended.Doc.Seq.Indexed                    2    2676.88
MultiUpdate.Contended.Doc.Seq.Indexed                    4    4160.47
MultiUpdate.Contended.Doc.Rnd.NoIndex                    1    1991.27
MultiUpdate.Contended.Doc.Rnd.NoIndex                    2    3775.3
MultiUpdate.Contended.Doc.Rnd.NoIndex                    4    6480.97
MultiUpdate.Contended.Doc.Rnd.Indexed                    1    1910.32
MultiUpdate.Contended.Doc.Rnd.Indexed                    2    3495.73
MultiUpdate.Contended.Doc.Rnd.Indexed                    4    6970.36
Update.IncNoIndex                                        1    1334.19
Update.IncNoIndex                                        2    2622.18
Update.IncNoIndex                                        4    4809.81
Update.IncWithIndex                                      1    1290.92
Update.IncWithIndex                                      2    2700.24
Update.IncWithIndex                                      4    4326.47
Update.IncNoIndexUpsert                                  1    1409.89
Update.IncNoIndexUpsert                                  2    2747.91
Update.IncNoIndexUpsert                                  4    5040.9
Update.IncWithIndexUpsert                                1    1335.61
Update.IncWithIndexUpsert                                2    2640.72
Update.IncWithIndexUpsert                                4    4749.6
Update.IncFewSmallDoc                                    1    1282.77
Update.IncFewSmallDoc                                    2    2727.02
Update.IncFewSmallDoc                                    4    4372.5
Update.IncFewLargeDoc                                    1    1372.68
Update.IncFewLargeDoc                                    2    2503.55
Update.IncFewLargeDoc                                    4    4541.28
Update.IncFewSmallDocLongFields                          1    1305.41
Update.IncFewSmallDocLongFields                          2    2510.42
Update.IncFewSmallDocLongFields                          4    4553.96
Update.IncFewLargeDocLongFields                          1    1284.56
Update.IncFewLargeDocLongFields                          2    2718.53
Update.IncFewLargeDocLongFields                          4    4377.71
Update.SingleDocFieldAtOffset                            1    1914.38
Update.SingleDocFieldAtOffset                            2    3819.18
Update.SingleDocFieldAtOffset                            4    6938.04
Update.FieldAtOffset                                     1     133.112
Update.FieldAtOffset                                     2     281.985
Update.FieldAtOffset                                     4     565.888
Update.ManyElementsWithinArray                           1     318.643
Update.ManyElementsWithinArray                           2     612.908
Update.ManyElementsWithinArray                           4    1071.86
Update.MatchedElementWithinArray                         1     878.685
Update.MatchedElementWithinArray                         2    1533.2
Update.MatchedElementWithinArray                         4    2745.1
Update.UniqueIndex                                       1    1220.6
Update.UniqueIndex                                       2    2255.7
Update.UniqueIndex                                       4    4613.29
Update.UniqueIndexCompoundReverse                        1    1213.2
Update.UniqueIndexCompoundReverse                        2    2649.57
Update.UniqueIndexCompoundReverse                        4    4307.5
Update.MmsIncShallow1                                    1    1246.82
Update.MmsIncShallow1                                    2    2316.93
Update.MmsIncShallow1                                    4    3712.97
Update.MmsIncShallow2                                    1    1290.22
Update.MmsIncShallow2                                    2    2305.1
Update.MmsIncShallow2                                    4    3997.39
Update.MmsIncDeep1                                       1    1121.76
Update.MmsIncDeep1                                       2    2311.33
Update.MmsIncDeep1                                       4    3399.47
Update.MmsIncDeepSharedPath2                             1    1234.16
Update.MmsIncDeepSharedPath2                             2    2382.64
Update.MmsIncDeepSharedPath2                             4    3560.79
Update.MmsIncDeepSharedPath3                             1    1184.59
Update.MmsIncDeepSharedPath3                             2    2063.05
Update.MmsIncDeepSharedPath3                             4    3764.18
Update.MmsIncDeepDistinctPath2                           1    1159.76
Update.MmsIncDeepDistinctPath2                           2    2230.78
Update.MmsIncDeepDistinctPath2                           4    3474.87
Update.MmsIncDeepDistinctPath3                           1    1221.46
Update.MmsIncDeepDistinctPath3                           2    2216.03
Update.MmsIncDeepDistinctPath3                           4    3235.68
Update.MmsIncDeepDistinctPath4                           1    1215.06
Update.MmsIncDeepDistinctPath4                           2    2014.87
Update.MmsIncDeepDistinctPath4                           4    3480.53
Update.MmsSetDeepDistinctPaths                           1    1102.52
Update.MmsSetDeepDistinctPaths                           2    2160.26
Update.MmsSetDeepDistinctPaths                           4    2851.66
