test_name                                      num_threads    ops_per_sec
-------------------------------------------  -------------  -------------
Insert.SingleIndex.Seq                                   1    1968.87
Insert.SingleIndex.Seq                                   2    3540.04
Insert.SingleIndex.Seq                                   4    6195.9
Insert.SingleIndex.Uncontested.Rnd                       1    1839.1
Insert.SingleIndex.Uncontested.Rnd                       2    3412.73
Insert.SingleIndex.Uncontested.Rnd                       4    5876.87
Insert.SingleIndex.Contested.Rnd                         1    1981.96
Insert.SingleIndex.Contested.Rnd                         2    3316.9
Insert.SingleIndex.Contested.Rnd                         4    6269.92
Insert.MultiIndex.Uncontested.Rnd                        1    1911.07
Insert.MultiIndex.Uncontested.Rnd                        2    3292.01
Insert.MultiIndex.Uncontested.Rnd                        4    6110.74
Insert.MultiIndex.Contested.Rnd                          1    1944.87
Insert.MultiIndex.Contested.Rnd                          2    3454.17
Insert.MultiIndex.Contested.Rnd                          4    5264.26
Insert.MultiKeyIndex.Uncontested.Rnd                     1    1861.13
Insert.MultiKeyIndex.Uncontested.Rnd                     2    3396.04
Insert.MultiKeyIndex.Uncontested.Rnd                     4    5471.87
Insert.MultiKeyIndex.Contested.Rnd                       1    1501.98
Insert.MultiKeyIndex.Contested.Rnd                       2    2564.28
Insert.MultiKeyIndex.Contested.Rnd                       4    5986.16
Insert.BigKeyIndex                                       1     537.438
Insert.BigKeyIndex                                       2     448.401
Insert.BigKeyIndex                                       4     869.512
Update.SetWithIndex.Random                               1    1598.94
Update.SetWithIndex.Random                               2    2932.82
Update.SetWithIndex.Random                               4    5954.17
Update.SetWithMultiIndex.Random                          1    1760.2
Update.SetWithMultiIndex.Random                          2    2540.54
Update.SetWithMultiIndex.Random                          4    5325.63
Update.SetWithMultiIndex.String                          1    1294.86
Update.SetWithMultiIndex.String                          2    2582.05
Update.SetWithMultiIndex.String                          4    4601.83
Insert.DocValidation.OneInt.Compare                      1    1880.68
Insert.DocValidation.OneInt.Compare                      2    3523.3
Insert.DocValidation.OneInt.Compare                      4    6018.17
Insert.DocValidation.OneInt                              1    1821.56
Insert.DocValidation.OneInt                              2    3393.66
Insert.DocValidation.OneInt                              4    6173.03
Insert.DocValidation.OneInt.JSONSchema                   1    1962.29
Insert.DocValidation.OneInt.JSONSchema                   2    3324.36
Insert.DocValidation.OneInt.JSONSchema                   4    5544.23
Insert.DocValidation.TenInt.Compare                      1    1811.34
Insert.DocValidation.TenInt.Compare                      2    3035.41
Insert.DocValidation.TenInt.Compare                      4    5365.52
Insert.DocValidation.TenInt                              1    1490.46
Insert.DocValidation.TenInt                              2    2832.54
Insert.DocValidation.TenInt                              4    5078.46
Insert.DocValidation.TwentyInt.Compare                   1    1241.98
Insert.DocValidation.TwentyInt.Compare                   2    3105.66
Insert.DocValidation.TwentyInt.Compare                   4    5668
Insert.DocValidation.TwentyInt                           1    1654.39
Insert.DocValidation.TwentyInt                           2    3176.41
Insert.DocValidation.TwentyInt                           4    5304.65
Insert.DocValidation.TwentyInt.JSONSchema                1    1768.75
Insert.DocValidation.TwentyInt.JSONSchema                2    3326.49
Insert.DocValidation.TwentyInt.JSONSchema                4    5251.54
Insert.DocValidation.OneFiftyInt.Compare                 1    1250.54
Insert.DocValidation.OneFiftyInt.Compare                 2    2136.09
Insert.DocValidation.OneFiftyInt.Compare                 4    4013.46
Insert.DocValidation.OneFiftyInt                         1     795.435
Insert.DocValidation.OneFiftyInt                         2    1534.23
Insert.DocValidation.OneFiftyInt                         4    2763.49
Insert.DocValidation.OneFiftyInt.JSONSchema              1     849.823
Insert.DocValidation.OneFiftyInt.JSONSchema              2    1409.53
Insert.DocValidation.OneFiftyInt.JSONSchema              4    2899.28
Insert.DocValidation.Variety.Compare                     1    1223.79
Insert.DocValidation.Variety.Compare                     2    2736.97
Insert.DocValidation.Variety.Compare                     4    4922.86
Insert.DocValidation.Variety.JSONSchema                  1    1501.92
Insert.DocValidation.Variety.JSONSchema                  2    2801.96
Insert.DocValidation.Variety.JSONSchema                  4    4563.58
Insert.DocValidation.Array.Compare                       1    1406.93
Insert.DocValidation.Array.Compare                       2    2852.93
Insert.DocValidation.Array.Compare                       4    4978.92
Insert.DocValidation.Array.JSONSchema                    1    1460.07
Insert.DocValidation.Array.JSONSchema                    2    2576.22
Insert.DocValidation.Array.JSONSchema                    4    4624.23
Insert.DocValidation.Nested.Compare                      1    1859.71
Insert.DocValidation.Nested.Compare                      2    3348.98
Insert.DocValidation.Nested.Compare                      4    5601.79
Insert.DocValidation.Nested.JSONSchema                   1    1167.65
Insert.DocValidation.Nested.JSONSchema                   2    2190.08
Insert.DocValidation.Nested.JSONSchema                   4    5296.68
Update.DocValidation.OneNum.Compare                      1    1855.8
Update.DocValidation.OneNum.Compare                      2    3381.11
Update.DocValidation.OneNum.Compare                      4    5907.08
Update.DocValidation.OneNum                              1    1741.93
Update.DocValidation.OneNum                              2    3140.31
Update.DocValidation.OneNum                              4    5564.25
Update.DocValidation.OneNum.JSONSchema                   1    1767.06
Update.DocValidation.OneNum.JSONSchema                   2    3208.1
Update.DocValidation.OneNum.JSONSchema                   4    5595.31
Update.DocValidation.TenNum.Compare                      1    1679.51
Update.DocValidation.TenNum.Compare                      2    3011.76
Update.DocValidation.TenNum.Compare                      4    5442.32
Update.DocValidation.TenNum                              1    1717.15
Update.DocValidation.TenNum                              2    3098.28
Update.DocValidation.TenNum                              4    5205.67
Update.DocValidation.TwentyNum.Compare                   1    1650.2
Update.DocValidation.TwentyNum.Compare                   2    2919.87
Update.DocValidation.TwentyNum.Compare                   4    5355.65
Update.DocValidation.TwentyNum                           1    1631.6
Update.DocValidation.TwentyNum                           2    2871.88
Update.DocValidation.TwentyNum                           4    5299.06
Update.DocValidation.TwentyNum.JSONSchema                1    1660.21
Update.DocValidation.TwentyNum.JSONSchema                2    2869.69
Update.DocValidation.TwentyNum.JSONSchema                4    5054.97
Update.DocValidation.OneFiftyNum.Compare                 1     704.828
Update.DocValidation.OneFiftyNum.Compare                 2    1642.64
Update.DocValidation.OneFiftyNum.Compare                 4    3079.09
Update.DocValidation.OneFiftyNum                         1     709.301
Update.DocValidation.OneFiftyNum                         2    1318.77
Update.DocValidation.OneFiftyNum                         4    2406.5
Update.DocValidation.OneFiftyNum.JSONSchema              1     699.423
Update.DocValidation.OneFiftyNum.JSONSchema              2    1224.45
Update.DocValidation.OneFiftyNum.JSONSchema              4    2487.06
Update.DocValidation.Variety.Compare                     1    1586.28
Update.DocValidation.Variety.Compare                     2    3309.86
Update.DocValidation.Variety.Compare                     4    5431.12
Update.DocValidation.Variety.JSONSchema                  1    1792.12
Update.DocValidation.Variety.JSONSchema                  2    3170.99
Update.DocValidation.Variety.JSONSchema                  4    5345.51
Update.DocValidation.Array.Compare                       1    2205.52
Update.DocValidation.Array.Compare                       2    4010.38
Update.DocValidation.Array.Compare                       4    7627.06
Update.DocValidation.Array.JSONSchema                    1    2217.03
Update.DocValidation.Array.JSONSchema                    2    4035.22
Update.DocValidation.Array.JSONSchema                    4    7788.19
Update.DocValidation.Nested.Compare                      1    1587.85
Update.DocValidation.Nested.Compare                      2    2900.01
Update.DocValidation.Nested.Compare                      4    5128.1
Update.DocValidation.Nested.JSONSchema                   1    1636.02
Update.DocValidation.Nested.JSONSchema                   2    2744.23
Update.DocValidation.Nested.JSONSchema                   4    4844.23
MultiUpdate.BigAllDocs.NoIndex                           1       0.406353
MultiUpdate.BigAllDocs.NoIndex                           2       0.639839
MultiUpdate.BigAllDocs.NoIndex                           4       1.03909
MultiUpdate.BigAllDocs.Indexed                           1       0.297572
MultiUpdate.BigAllDocs.Indexed                           2       0.502354
MultiUpdate.BigAllDocs.Indexed                           4       0.709041
MultiUpdate.BigAllDocsMultiChange.NoIndex                1       0.42165
MultiUpdate.BigAllDocsMultiChange.NoIndex                2       0.651767
MultiUpdate.BigAllDocsMultiChange.NoIndex                4       0.960104
MultiUpdate.BigAllDocsMultiChange.Indexed                1       0.270881
MultiUpdate.BigAllDocsMultiChange.Indexed                2       0.457023
MultiUpdate.BigAllDocsMultiChange.Indexed                4       0.640252
MultiUpdate.Contended.AllDocs.NoIndex                    1      12.5955
MultiUpdate.Contended.AllDocs.NoIndex                    2      19.7564
MultiUpdate.Contended.AllDocs.NoIndex                    4      30.6042
MultiUpdate.Contended.AllDocs.Indexed                    1       9.38642
MultiUpdate.Contended.AllDocs.Indexed                    2      15.9247
MultiUpdate.Contended.AllDocs.Indexed                    4      24.5374
Inserts.PartialIndex.FilteredRange                       1    1645.99
Inserts.PartialIndex.FilteredRange                       2    2646.03
Inserts.PartialIndex.FilteredRange                       4    5233.11
Inserts.PartialIndex.NonFilteredRange                    1    1667.67
Inserts.PartialIndex.NonFilteredRange                    2    2987.56
Inserts.PartialIndex.NonFilteredRange                    4    5771.08
Inserts.PartialIndex.FullRange                           1    1937.46
Inserts.PartialIndex.FullRange                           2    3683.11
Inserts.PartialIndex.FullRange                           4    6153.78
Insert.Empty                                             1    1890.95
Insert.Empty                                             2    3122.45
Insert.Empty                                             4    5655.23
Insert.EmptyCapped                                       1    1846.08
Insert.EmptyCapped                                       2    3293.98
Insert.EmptyCapped                                       4    5054.27
Insert.EmptyCapped.SeqIntID                              1    1891.74
Insert.EmptyCapped.SeqIntID                              2    3205.86
Insert.EmptyCapped.SeqIntID                              4    4423.36
Insert.JustID                                            1    1495.61
Insert.JustID                                            2    3274.2
Insert.JustID                                            4    6303.1
Insert.IntVector                                         1     629.809
Insert.IntVector                                         2    1159.11
Insert.IntVector                                         4    1922.42
Insert.SeqIntID.Indexed                                  1    1011.57
Insert.SeqIntID.Indexed                                  2    2280.38
Insert.SeqIntID.Indexed                                  4    4770.51
Insert.IntIDUpsert                                       1    1333.95
Insert.IntIDUpsert                                       2    3061.64
Insert.IntIDUpsert                                       4    4639.82
Insert.JustNum                                           1    1432.7
Insert.JustNum                                           2    2881.18
Insert.JustNum                                           4    6106.42
Insert.JustNumIndexed                                    1    1764.77
Insert.JustNumIndexed                                    2    3092.24
Insert.JustNumIndexed                                    4    5757.19
InsertIndexedStringsSimpleCollation                      1    1650.67
InsertIndexedStringsSimpleCollation                      2    3133.57
InsertIndexedStringsSimpleCollation                      4    5634.14
InsertIndexedStringsNonSimpleCollation                   1    1878.61
InsertIndexedStringsNonSimpleCollation                   2    3121.92
InsertIndexedStringsNonSimpleCollation                   4    4962.36
Insert.UniqueIndex                                       1    1786.71
Insert.UniqueIndex                                       2    3017.64
Insert.UniqueIndex                                       4    6060.74
Insert.UniqueIndexCompound                               1    1897.85
Insert.UniqueIndexCompound                               2    3474.28
Insert.UniqueIndexCompound                               4    5935.5
Insert.UniqueIndexCompoundReverse                        1    1804.69
Insert.UniqueIndexCompoundReverse                        2    3241.4
Insert.UniqueIndexCompoundReverse                        4    5551.64
Insert.LargeDocVector                                    1     235.864
Insert.LargeDocVector                                    2     424.478
Insert.LargeDocVector                                    4     644.834
MultiUpdate.Uncontended.SingleDoc.NoIndex                1    1808.67
MultiUpdate.Uncontended.SingleDoc.NoIndex                2    2748.88
MultiUpdate.Uncontended.SingleDoc.NoIndex                4    5610.04
MultiUpdate.Uncontended.SingleDoc.Indexed                1    1745.54
MultiUpdate.Uncontended.SingleDoc.Indexed                2    3083.21
MultiUpdate.Uncontended.SingleDoc.Indexed                4    5903.18
MultiUpdate.Uncontended.TwoDocs.NoIndex                  1    1607.65
MultiUpdate.Uncontended.TwoDocs.NoIndex                  2    2790.01
MultiUpdate.Uncontended.TwoDocs.NoIndex                  4    4766.09
MultiUpdate.Uncontended.TwoDocs.Indexed                  1    1536.44
MultiUpdate.Uncontended.TwoDocs.Indexed                  2    2509.98
MultiUpdate.Uncontended.TwoDocs.Indexed                  4    4753.15
MultiUpdate.Contended.Low.NoIndex                        1    1835.22
MultiUpdate.Contended.Low.NoIndex                        2    2664.72
MultiUpdate.Contended.Low.NoIndex                        4    5887.86
MultiUpdate.Contended.Low.Indexed                        1    1785.73
MultiUpdate.Contended.Low.Indexed                        2    3066.55
MultiUpdate.Contended.Low.Indexed                        4    5200.78
MultiUpdate.Contended.Medium.NoIndex                     1      16.6823
MultiUpdate.Contended.Medium.NoIndex                     2      27.3245
MultiUpdate.Contended.Medium.NoIndex                     4      41.8938
MultiUpdate.Contended.Medium.Indexed                     1      13.1109
MultiUpdate.Contended.Medium.Indexed                     2      22.1055
MultiUpdate.Contended.Medium.Indexed                     4      35.0642
MultiUpdate.Contended.Hot.NoIndex                        1     802.43
MultiUpdate.Contended.Hot.NoIndex                        2    1376.67
MultiUpdate.Contended.Hot.NoIndex                        4    2326.58
MultiUpdate.Contended.Hot.Indexed                        1     619.928
MultiUpdate.Contended.Hot.Indexed                        2     800.648
MultiUpdate.Contended.Hot.Indexed                        4    1616.88
MultiUpdate.Contended.Doc.Seq.NoIndex                    1    1076.6
MultiUpdate.Contended.Doc.Seq.NoIndex                    2    1879.84
MultiUpdate.Contended.Doc.Seq.NoIndex                    4    4393.44
MultiUpdate.Contended.Doc.Seq.Indexed                    1    1564.27
MultiUpdate.Contended.Doc.Seq.Indexed                    2    2419.33
MultiUpdate.Contended.Doc.Seq.Indexed                    4    3240.73
MultiUpdate.Contended.Doc.Rnd.NoIndex                    1    1420.67
MultiUpdate.Contended.Doc.Rnd.NoIndex                    2    3828.46
MultiUpdate.Contended.Doc.Rnd.NoIndex                    4    4987.07
MultiUpdate.Contended.Doc.Rnd.Indexed                    1    1965.99
MultiUpdate.Contended.Doc.Rnd.Indexed                    2    3210.44
MultiUpdate.Contended.Doc.Rnd.Indexed                    4    7300.9
Update.IncNoIndex                                        1    1271.26
Update.IncNoIndex                                        2    2793.06
Update.IncNoIndex                                        4    5256.59
Update.IncWithIndex                                      1    1404.98
Update.IncWithIndex                                      2    3098.09
Update.IncWithIndex                                      4    4729.49
Update.IncNoIndexUpsert                                  1    1790.14
Update.IncNoIndexUpsert                                  2    2926.81
Update.IncNoIndexUpsert                                  4    5547.56
Update.IncWithIndexUpsert                                1    1541.36
Update.IncWithIndexUpsert                                2    2873.74
Update.IncWithIndexUpsert                                4    5529.48
Update.IncFewSmallDoc                                    1    1697.93
Update.IncFewSmallDoc                                    2    2950.55
Update.IncFewSmallDoc                                    4    5360.93
Update.IncFewLargeDoc                                    1    1666.68
Update.IncFewLargeDoc                                    2    2969.05
Update.IncFewLargeDoc                                    4    5223.22
Update.IncFewSmallDocLongFields                          1    1465.67
Update.IncFewSmallDocLongFields                          2    2939.14
Update.IncFewSmallDocLongFields                          4    4950.27
Update.IncFewLargeDocLongFields                          1    1400.5
Update.IncFewLargeDocLongFields                          2    3184.4
Update.IncFewLargeDocLongFields                          4    5292.4
Update.SingleDocFieldAtOffset                            1    2047.23
Update.SingleDocFieldAtOffset                            2    2572.66
Update.SingleDocFieldAtOffset                            4    6922.68
Update.FieldAtOffset                                     1     145.556
Update.FieldAtOffset                                     2     302.465
Update.FieldAtOffset                                     4     591.554
Update.ManyElementsWithinArray                           1     366.252
Update.ManyElementsWithinArray                           2     602.886
Update.ManyElementsWithinArray                           4    1275.87
Update.MatchedElementWithinArray                         1    1009.81
Update.MatchedElementWithinArray                         2    1828.61
Update.MatchedElementWithinArray                         4    3460.33
Update.UniqueIndex                                       1    1771.36
Update.UniqueIndex                                       2    3060.74
Update.UniqueIndex                                       4    5831.98
Update.UniqueIndexCompoundReverse                        1    1696.56
Update.UniqueIndexCompoundReverse                        2    2964.26
Update.UniqueIndexCompoundReverse                        4    5531.95
Update.MmsIncShallow1                                    1    1677.01
Update.MmsIncShallow1                                    2    2898.65
Update.MmsIncShallow1                                    4    4322.26
Update.MmsIncShallow2                                    1    1584.92
Update.MmsIncShallow2                                    2    2683.65
Update.MmsIncShallow2                                    4    4679.45
Update.MmsIncDeep1                                       1    1431.88
Update.MmsIncDeep1                                       2    2556.1
Update.MmsIncDeep1                                       4    4152.45
Update.MmsIncDeepSharedPath2                             1    1458.81
Update.MmsIncDeepSharedPath2                             2    2590.94
Update.MmsIncDeepSharedPath2                             4    3530.02
Update.MmsIncDeepSharedPath3                             1    1661.77
Update.MmsIncDeepSharedPath3                             2    2762.92
Update.MmsIncDeepSharedPath3                             4    4605.6
Update.MmsIncDeepDistinctPath2                           1    1491.2
Update.MmsIncDeepDistinctPath2                           2    2488.04
Update.MmsIncDeepDistinctPath2                           4    4144.63
Update.MmsIncDeepDistinctPath3                           1    1440.46
Update.MmsIncDeepDistinctPath3                           2    2662.64
Update.MmsIncDeepDistinctPath3                           4    3777.95
Update.MmsIncDeepDistinctPath4                           1    1386.18
Update.MmsIncDeepDistinctPath4                           2    2584.32
Update.MmsIncDeepDistinctPath4                           4    4051.35
Update.MmsSetDeepDistinctPaths                           1    1274.8
Update.MmsSetDeepDistinctPaths                           2    2505.75
Update.MmsSetDeepDistinctPaths                           4    3582.89
